# JRE version: 7.0_25-b15
# Java VM: Java HotSpot(TM) 64-Bit Server VM (23.25-b01 mixed mode bsd-amd64 compressed oops)
Heap
 def new generation   total 7168K, used 2785K [0x0000000112090000, 0x0000000112850000, 0x0000000119c90000)
  eden space 6400K,  31% used [0x0000000112090000, 0x0000000112288598, 0x00000001126d0000)
  from space 768K, 100% used [0x00000001126d0000, 0x0000000112790000, 0x0000000112790000)
  to   space 768K,   0% used [0x0000000112790000, 0x0000000112790000, 0x0000000112850000)
 tenured generation   total 15872K, used 3974K [0x0000000119c90000, 0x000000011ac10000, 0x0000000129490000)
   the space 15872K,  25% used [0x0000000119c90000, 0x000000011a071b38, 0x000000011a071c00, 0x000000011ac10000)
 compacting perm gen  total 21248K, used 6943K [0x0000000129490000, 0x000000012a950000, 0x000000012e690000)
   the space 21248K,  32% used [0x0000000129490000, 0x0000000129b57f38, 0x0000000129b58000, 0x000000012a950000)
GC Heap History (4 events):
Event: 6.951 GC heap before
{Heap before GC invocations=0 (full 0):
 def new generation   total 7168K, used 6400K [0x0000000112090000, 0x0000000112850000, 0x0000000119c90000)
  eden space 6400K, 100% used [0x0000000112090000, 0x00000001126d0000, 0x00000001126d0000)
  from space 768K,   0% used [0x00000001126d0000, 0x00000001126d0000, 0x0000000112790000)
  to   space 768K,   0% used [0x0000000112790000, 0x0000000112790000, 0x0000000112850000)
 tenured generation   total 15872K, used 0K [0x0000000119c90000, 0x000000011ac10000, 0x0000000129490000)
   the space 15872K,   0% used [0x0000000119c90000, 0x0000000119c90000, 0x0000000119c90200, 0x000000011ac10000)
 compacting perm gen  total 21248K, used 5929K [0x0000000129490000, 0x000000012a950000, 0x000000012e690000)
   the space 21248K,  27% used [0x0000000129490000, 0x0000000129a5a640, 0x0000000129a5a800, 0x000000012a950000)
No shared spaces configured.
Event: 6.960 GC heap after
Heap after GC invocations=1 (full 0):
 def new generation   total 7168K, used 767K [0x0000000112090000, 0x0000000112850000, 0x0000000119c90000)
  eden space 6400K,   0% used [0x0000000112090000, 0x0000000112090000, 0x00000001126d0000)
  from space 768K,  99% used [0x0000000112790000, 0x000000011284fff8, 0x0000000112850000)
  to   space 768K,   0% used [0x00000001126d0000, 0x00000001126d0000, 0x0000000112790000)
 tenured generation   total 15872K, used 910K [0x0000000119c90000, 0x000000011ac10000, 0x0000000129490000)
   the space 15872K,   5% used [0x0000000119c90000, 0x0000000119d73a70, 0x0000000119d73c00, 0x000000011ac10000)
 compacting perm gen  total 21248K, used 5929K [0x0000000129490000, 0x000000012a950000, 0x000000012e690000)
   the space 21248K,  27% used [0x0000000129490000, 0x0000000129a5a640, 0x0000000129a5a800, 0x000000012a950000)
No shared spaces configured.
}
Event: 11.128 GC heap before
{Heap before GC invocations=1 (full 0):
 def new generation   total 7168K, used 7167K [0x0000000112090000, 0x0000000112850000, 0x0000000119c90000)
  eden space 6400K, 100% used [0x0000000112090000, 0x00000001126d0000, 0x00000001126d0000)
  from space 768K,  99% used [0x0000000112790000, 0x000000011284fff8, 0x0000000112850000)
  to   space 768K,   0% used [0x00000001126d0000, 0x00000001126d0000, 0x0000000112790000)
 tenured generation   total 15872K, used 910K [0x0000000119c90000, 0x000000011ac10000, 0x0000000129490000)
   the space 15872K,   5% used [0x0000000119c90000, 0x0000000119d73a70, 0x0000000119d73c00, 0x000000011ac10000)
 compacting perm gen  total 21248K, used 6937K [0x0000000129490000, 0x000000012a950000, 0x000000012e690000)
   the space 21248K,  32% used [0x0000000129490000, 0x0000000129b56400, 0x0000000129b56400, 0x000000012a950000)
No shared spaces configured.
Event: 11.143 GC heap after
Heap after GC invocations=2 (full 0):
 def new generation   total 7168K, used 768K [0x0000000112090000, 0x0000000112850000, 0x0000000119c90000)
  eden space 6400K,   0% used [0x0000000112090000, 0x0000000112090000, 0x00000001126d0000)
  from space 768K, 100% used [0x00000001126d0000, 0x0000000112790000, 0x0000000112790000)
  to   space 768K,   0% used [0x0000000112790000, 0x0000000112790000, 0x0000000112850000)
 tenured generation   total 15872K, used 3974K [0x0000000119c90000, 0x000000011ac10000, 0x0000000129490000)
   the space 15872K,  25% used [0x0000000119c90000, 0x000000011a071b38, 0x000000011a071c00, 0x000000011ac10000)
 compacting perm gen  total 21248K, used 6937K [0x0000000129490000, 0x000000012a950000, 0x000000012e690000)
   the space 21248K,  32% used [0x0000000129490000, 0x0000000129b56400, 0x0000000129b56400, 0x000000012a950000)
No shared spaces configured.
}

